-- NULL status
select omni_httpd.http_response(status => null, body => 'test');
                                 http_response                                  
--------------------------------------------------------------------------------
 (200,"{""(content-type,\\""text/plain; charset=utf-8\\"",f)""}","\\x74657374")
(1 row)

-- NULL headers
select omni_httpd.http_response(headers => null, body => 'test');
                                 http_response                                  
--------------------------------------------------------------------------------
 (200,"{""(content-type,\\""text/plain; charset=utf-8\\"",f)""}","\\x74657374")
(1 row)

-- NULL body
select omni_httpd.http_response(body => null);
 http_response 
---------------
 (200,,)
(1 row)

-- Text body
select omni_httpd.http_response(body => 'text');
                                 http_response                                  
--------------------------------------------------------------------------------
 (200,"{""(content-type,\\""text/plain; charset=utf-8\\"",f)""}","\\x74657874")
(1 row)

-- JSON body
select omni_httpd.http_response(body => '{}'::json);
                   http_response                    
----------------------------------------------------
 (200,"{""(content-type,text/json,f)""}","\\x7b7d")
(1 row)

-- JSONB body
select omni_httpd.http_response(body => '{}'::jsonb);
                   http_response                    
----------------------------------------------------
 (200,"{""(content-type,text/json,f)""}","\\x7b7d")
(1 row)

-- Binary body
select omni_httpd.http_response(body => convert_to('binary', 'UTF8'));
                               http_response                               
---------------------------------------------------------------------------
 (200,"{""(content-type,application/octet-stream,f)""}","\\x62696e617279")
(1 row)

-- Specifying status
select omni_httpd.http_response(status => 404);
 http_response 
---------------
 (404,,)
(1 row)

-- Specifying headers
select
    omni_httpd.http_response(headers => array [omni_httpd.http_header('test', 'value')]::omni_httpd.http_header[],
                             body => null);
         http_response         
-------------------------------
 (200,"{""(test,value,f)""}",)
(1 row)

-- Merging headers with inferred ones
select
    omni_httpd.http_response(headers => array [omni_httpd.http_header('test', 'value')]::omni_httpd.http_header[],
                             body => 'test');
                                           http_response                                           
---------------------------------------------------------------------------------------------------
 (200,"{""(test,value,f)"",""(content-type,\\""text/plain; charset=utf-8\\"",f)""}","\\x74657374")
(1 row)

-- Overriding content type
select
    omni_httpd.http_response(headers => array [omni_httpd.http_header('content-type', 'text/html')], body => 'test');
                     http_response                      
--------------------------------------------------------
 (200,"{""(content-type,text/html,f)""}","\\x74657374")
(1 row)

-- Overriding content type, with a different case
select
    omni_httpd.http_response(headers => array [omni_httpd.http_header('Content-Type', 'text/html')], body => 'test');
                     http_response                      
--------------------------------------------------------
 (200,"{""(Content-Type,text/html,f)""}","\\x74657374")
(1 row)

